<?xml version="1.0" encoding="UTF-8"?>
<!-- Generated by org.testng.reporters.JUnitXMLReporter -->
<testsuite ignored="0" hostname="sonal" failures="0" tests="20" name="ReqresAPI" time="8.484" errors="0" timestamp="15 Oct 2022 18:14:59 GMT">
  <testcase classname="com.reqres.testCases.TC01_Get_User" name="checkContentEncoding" time="0.887"/>
  <testcase classname="com.reqres.testCases.TC01_Get_User" name="checkContentType" time="0.098"/>
  <testcase classname="com.reqres.testCases.TC01_Get_User" name="checkResponseBody" time="0.166"/>
  <testcase classname="com.reqres.testCases.TC01_Get_User" name="checkResponseTime" time="0.032"/>
  <testcase classname="com.reqres.testCases.TC01_Get_User" name="checkServer" time="0.031"/>
  <testcase classname="com.reqres.testCases.TC01_Get_User" name="checkStatusCode" time="0.055"/>
  <testcase classname="com.reqres.testCases.TC01_Get_User" name="checkStatusLine" time="0.076"/>
  <testcase classname="com.reqres.testCases.TC03_Create_User" name="checkContentType" time="0.089"/>
  <testcase classname="com.reqres.testCases.TC03_Create_User" name="checkResponseBody" time="0.082"/>
  <testcase classname="com.reqres.testCases.TC03_Create_User" name="checkResponseTime" time="0.133"/>
  <testcase classname="com.reqres.testCases.TC03_Create_User" name="checkServer" time="0.176"/>
  <testcase classname="com.reqres.testCases.TC03_Create_User" name="checkStatusCode" time="0.074"/>
  <testcase classname="com.reqres.testCases.TC03_Create_User" name="checkStatusLine" time="0.079"/>
  <testcase classname="com.reqres.testCases.TC02_Get_Single_User" name="checkContentEncoding" time="0.092"/>
  <testcase classname="com.reqres.testCases.TC02_Get_Single_User" name="checkContentType" time="0.089"/>
  <testcase classname="com.reqres.testCases.TC02_Get_Single_User" name="checkResponseBody" time="0.104"/>
  <testcase classname="com.reqres.testCases.TC02_Get_Single_User" name="checkResponseTime" time="0.097"/>
  <testcase classname="com.reqres.testCases.TC02_Get_Single_User" name="checkServer" time="0.092"/>
  <testcase classname="com.reqres.testCases.TC02_Get_Single_User" name="checkStatusCode" time="0.097"/>
  <testcase classname="com.reqres.testCases.TC02_Get_Single_User" name="checkStatusLine" time="0.116"/>
</testsuite> <!-- ReqresAPI -->
