<?xml version="1.0" encoding="UTF-8"?>
<!-- Generated by org.testng.reporters.JUnitXMLReporter -->
<testsuite ignored="0" hostname="sonal" failures="0" tests="31" name="ReqresAPITest" time="21.846" errors="0" timestamp="15 Oct 2022 18:25:12 GMT">
  <testcase classname="com.reqres.testCases.TC01_Get_User" name="checkContentEncoding" time="1.73"/>
  <testcase classname="com.reqres.testCases.TC01_Get_User" name="checkContentType" time="0.139"/>
  <testcase classname="com.reqres.testCases.TC01_Get_User" name="checkResponseBody" time="0.472"/>
  <testcase classname="com.reqres.testCases.TC01_Get_User" name="checkResponseTime" time="0.078"/>
  <testcase classname="com.reqres.testCases.TC01_Get_User" name="checkServer" time="0.077"/>
  <testcase classname="com.reqres.testCases.TC01_Get_User" name="checkStatusCode" time="0.068"/>
  <testcase classname="com.reqres.testCases.TC01_Get_User" name="checkStatusLine" time="0.098"/>
  <testcase classname="com.reqres.testCases.TC02_Get_Single_User" name="checkContentEncoding" time="0.293"/>
  <testcase classname="com.reqres.testCases.TC02_Get_Single_User" name="checkContentType" time="0.093"/>
  <testcase classname="com.reqres.testCases.TC02_Get_Single_User" name="checkResponseBody" time="0.089"/>
  <testcase classname="com.reqres.testCases.TC02_Get_Single_User" name="checkResponseTime" time="0.106"/>
  <testcase classname="com.reqres.testCases.TC02_Get_Single_User" name="checkServer" time="0.058"/>
  <testcase classname="com.reqres.testCases.TC02_Get_Single_User" name="checkStatusCode" time="0.074"/>
  <testcase classname="com.reqres.testCases.TC02_Get_Single_User" name="checkStatusLine" time="0.175"/>
  <testcase classname="com.reqres.testCases.TC03_Create_User" name="checkContentType" time="0.06"/>
  <testcase classname="com.reqres.testCases.TC03_Create_User" name="checkResponseBody" time="0.086"/>
  <testcase classname="com.reqres.testCases.TC03_Create_User" name="checkResponseTime" time="0.073"/>
  <testcase classname="com.reqres.testCases.TC03_Create_User" name="checkServer" time="0.065"/>
  <testcase classname="com.reqres.testCases.TC03_Create_User" name="checkStatusCode" time="0.096"/>
  <testcase classname="com.reqres.testCases.TC03_Create_User" name="checkStatusLine" time="0.17"/>
  <testcase classname="com.reqres.testCases.TC04_Update_User_Record" name="checkContentType" time="0.115"/>
  <testcase classname="com.reqres.testCases.TC04_Update_User_Record" name="checkResponseBody" time="0.056"/>
  <testcase classname="com.reqres.testCases.TC04_Update_User_Record" name="checkResponseTime" time="0.066"/>
  <testcase classname="com.reqres.testCases.TC04_Update_User_Record" name="checkServer" time="0.109"/>
  <testcase classname="com.reqres.testCases.TC04_Update_User_Record" name="checkStatusCode" time="0.075"/>
  <testcase classname="com.reqres.testCases.TC04_Update_User_Record" name="checkStatusLine" time="0.101"/>
  <testcase classname="com.reqres.testCases.TC05_Delete_User_Record" name="checkResponseBody" time="0.089"/>
  <testcase classname="com.reqres.testCases.TC05_Delete_User_Record" name="checkResponseTime" time="0.06"/>
  <testcase classname="com.reqres.testCases.TC05_Delete_User_Record" name="checkServer" time="0.049"/>
  <testcase classname="com.reqres.testCases.TC05_Delete_User_Record" name="checkStatusCode" time="0.07"/>
  <testcase classname="com.reqres.testCases.TC05_Delete_User_Record" name="checkStatusLine" time="0.118"/>
</testsuite> <!-- ReqresAPITest -->
