<?xml version="1.0" encoding="UTF-8"?>
<testsuite xmlns:xsi="http://www.w3.org/2001/XMLSchema-instance" xsi:noNamespaceSchemaLocation="https://maven.apache.org/surefire/maven-surefire-plugin/xsd/surefire-test-report-3.0.xsd" version="3.0" name="TestSuite" time="28.429" tests="31" errors="0" skipped="0" failures="0">
  <properties>
[...]
</properties>
  <testcase name="checkContentEncoding" classname="com.reqres.testCases.TC01_Get_User" time="0.067">
    <system-out><![CDATA[[TestNGContentHandler] [WARN] It is strongly recommended to add "<!DOCTYPE suite SYSTEM "http://testng.org/testng-1.0.dtd" >" at the top of your file, otherwise TestNG may fail or not work as expected.
2022-10-15 23:54:52 INFO  ReqresAPITesting:17 - ------- Started TC01_Get_User -------
2022-10-15 23:55:05 INFO  ReqresAPITesting:70 - ------- Check Content Encoding -------
2022-10-15 23:55:05 INFO  ReqresAPITesting:72 - Server is : gzip
]]></system-out>
  </testcase>
  <testcase name="checkContentType" classname="com.reqres.testCases.TC01_Get_User" time="0.05">
    <system-out><![CDATA[2022-10-15 23:55:05 INFO  ReqresAPITesting:55 - ------- Check Content Type-------
2022-10-15 23:55:05 INFO  ReqresAPITesting:57 - content Type is : application/json; charset=utf-8
]]></system-out>
  </testcase>
  <testcase name="checkResponseBody" classname="com.reqres.testCases.TC01_Get_User" time="0.426">
    <system-out><![CDATA[2022-10-15 23:55:05 INFO  ReqresAPITesting:25 - ------- Check Response Body -------
2022-10-15 23:55:06 INFO  ReqresAPITesting:27 - Response Body ==> {
    "page": 2,
    "per_page": 6,
    "total": 12,
    "total_pages": 2,
    "data": [
        {
            "id": 7,
            "email": "michael.lawson@reqres.in",
            "first_name": "Michael",
            "last_name": "Lawson",
            "avatar": "https://reqres.in/img/faces/7-image.jpg"
        },
        {
            "id": 8,
            "email": "lindsay.ferguson@reqres.in",
            "first_name": "Lindsay",
            "last_name": "Ferguson",
            "avatar": "https://reqres.in/img/faces/8-image.jpg"
        },
        {
            "id": 9,
            "email": "tobias.funke@reqres.in",
            "first_name": "Tobias",
            "last_name": "Funke",
            "avatar": "https://reqres.in/img/faces/9-image.jpg"
        },
        {
            "id": 10,
            "email": "byron.fields@reqres.in",
            "first_name": "Byron",
            "last_name": "Fields",
            "avatar": "https://reqres.in/img/faces/10-image.jpg"
        },
        {
            "id": 11,
            "email": "george.edwards@reqres.in",
            "first_name": "George",
            "last_name": "Edwards",
            "avatar": "https://reqres.in/img/faces/11-image.jpg"
        },
        {
            "id": 12,
            "email": "rachel.howell@reqres.in",
            "first_name": "Rachel",
            "last_name": "Howell",
            "avatar": "https://reqres.in/img/faces/12-image.jpg"
        }
    ],
    "support": {
        "url": "https://reqres.in/#support-heading",
        "text": "To keep ReqRes free, contributions towards server costs are appreciated!"
    }
}
]]></system-out>
  </testcase>
  <testcase name="checkResponseTime" classname="com.reqres.testCases.TC01_Get_User" time="0.1">
    <system-out><![CDATA[2022-10-15 23:55:06 INFO  ReqresAPITesting:39 - ------- Check Response Time -------
2022-10-15 23:55:06 INFO  ReqresAPITesting:41 - Response time is ==> 2468
]]></system-out>
  </testcase>
  <testcase name="checkServer" classname="com.reqres.testCases.TC01_Get_User" time="0.007">
    <system-out><![CDATA[2022-10-15 23:55:06 INFO  ReqresAPITesting:63 - ------- Check Server -------
2022-10-15 23:55:06 INFO  ReqresAPITesting:65 - Server is : cloudflare
]]></system-out>
  </testcase>
  <testcase name="checkStatusCode" classname="com.reqres.testCases.TC01_Get_User" time="0.063">
    <system-out><![CDATA[2022-10-15 23:55:06 INFO  ReqresAPITesting:32 - ------- Check Status Code -------
2022-10-15 23:55:06 INFO  ReqresAPITesting:34 - Status Code ==> 200
]]></system-out>
  </testcase>
  <testcase name="checkStatusLine" classname="com.reqres.testCases.TC01_Get_User" time="0.041">
    <system-out><![CDATA[2022-10-15 23:55:06 INFO  ReqresAPITesting:48 - ------- Check Status Line -------
2022-10-15 23:55:06 INFO  ReqresAPITesting:50 - status Line ==> HTTP/1.1 200 OK
]]></system-out>
  </testcase>
  <testcase name="checkContentEncoding" classname="com.reqres.testCases.TC02_Get_Single_User" time="0.03">
    <system-out><![CDATA[2022-10-15 23:55:06 INFO  ReqresAPITesting:77 - ------- Finished TC01_Get_User -------
2022-10-15 23:55:06 INFO  ReqresAPITesting:16 - ------- Started TC02_Get_Single_User -------
2022-10-15 23:55:07 INFO  ReqresAPITesting:69 - ------- Check Content Encoding -------
2022-10-15 23:55:07 INFO  ReqresAPITesting:71 - Server is : gzip
]]></system-out>
  </testcase>
  <testcase name="checkContentType" classname="com.reqres.testCases.TC02_Get_Single_User" time="0.042">
    <system-out><![CDATA[2022-10-15 23:55:07 INFO  ReqresAPITesting:54 - ------- Check Content Type-------
2022-10-15 23:55:07 INFO  ReqresAPITesting:56 - content Type is : application/json; charset=utf-8
]]></system-out>
  </testcase>
  <testcase name="checkResponseBody" classname="com.reqres.testCases.TC02_Get_Single_User" time="0.105">
    <system-out><![CDATA[2022-10-15 23:55:07 INFO  ReqresAPITesting:24 - ------- Check Response Body -------
2022-10-15 23:55:07 INFO  ReqresAPITesting:26 - Response Body ==> {
    "data": {
        "id": 2,
        "email": "janet.weaver@reqres.in",
        "first_name": "Janet",
        "last_name": "Weaver",
        "avatar": "https://reqres.in/img/faces/2-image.jpg"
    },
    "support": {
        "url": "https://reqres.in/#support-heading",
        "text": "To keep ReqRes free, contributions towards server costs are appreciated!"
    }
}
]]></system-out>
  </testcase>
  <testcase name="checkResponseTime" classname="com.reqres.testCases.TC02_Get_Single_User" time="0.026">
    <system-out><![CDATA[2022-10-15 23:55:07 INFO  ReqresAPITesting:38 - ------- Check Response Time -------
2022-10-15 23:55:07 INFO  ReqresAPITesting:40 - Response time is ==> 330
]]></system-out>
  </testcase>
  <testcase name="checkServer" classname="com.reqres.testCases.TC02_Get_Single_User" time="0.035">
    <system-out><![CDATA[2022-10-15 23:55:07 INFO  ReqresAPITesting:62 - ------- Check Server -------
2022-10-15 23:55:07 INFO  ReqresAPITesting:64 - Server is : cloudflare
]]></system-out>
  </testcase>
  <testcase name="checkStatusCode" classname="com.reqres.testCases.TC02_Get_Single_User" time="0.021">
    <system-out><![CDATA[2022-10-15 23:55:07 INFO  ReqresAPITesting:31 - ------- Check Status Code -------
2022-10-15 23:55:07 INFO  ReqresAPITesting:33 - Status Code ==> 200
]]></system-out>
  </testcase>
  <testcase name="checkStatusLine" classname="com.reqres.testCases.TC02_Get_Single_User" time="0.078">
    <system-out><![CDATA[2022-10-15 23:55:07 INFO  ReqresAPITesting:47 - ------- Check Status Line -------
2022-10-15 23:55:07 INFO  ReqresAPITesting:49 - status Line ==> HTTP/1.1 200 OK
]]></system-out>
  </testcase>
  <testcase name="checkContentType" classname="com.reqres.testCases.TC03_Create_User" time="0.005">
    <system-out><![CDATA[2022-10-15 23:55:07 INFO  ReqresAPITesting:76 - ------- Finished TC02_Get_Single_User -------
2022-10-15 23:55:08 INFO  ReqresAPITesting:21 - ------- Started TC03_Create_User -------
2022-10-15 23:55:09 INFO  ReqresAPITesting:69 - ------- Check Content Type -------
2022-10-15 23:55:09 INFO  ReqresAPITesting:71 - content Type is : application/json; charset=utf-8
]]></system-out>
  </testcase>
  <testcase name="checkResponseBody" classname="com.reqres.testCases.TC03_Create_User" time="0.042">
    <system-out><![CDATA[2022-10-15 23:55:09 INFO  ReqresAPITesting:39 - ------- Check Response Body -------
2022-10-15 23:55:09 INFO  ReqresAPITesting:41 - Response Body ==> {
    "name": "abc",
    "job": "xyz",
    "id": "816",
    "createdAt": "2022-10-15T18:25:20.461Z"
}
]]></system-out>
  </testcase>
  <testcase name="checkResponseTime" classname="com.reqres.testCases.TC03_Create_User" time="0.045">
    <system-out><![CDATA[2022-10-15 23:55:09 INFO  ReqresAPITesting:53 - ------- Check Response Time -------
2022-10-15 23:55:09 INFO  ReqresAPITesting:55 - Response time is ==> 866
]]></system-out>
  </testcase>
  <testcase name="checkServer" classname="com.reqres.testCases.TC03_Create_User" time="0.093">
    <system-out><![CDATA[2022-10-15 23:55:09 INFO  ReqresAPITesting:76 - ------- Check Server -------
2022-10-15 23:55:09 INFO  ReqresAPITesting:78 - Server is : cloudflare
]]></system-out>
  </testcase>
  <testcase name="checkStatusCode" classname="com.reqres.testCases.TC03_Create_User" time="0.118">
    <system-out><![CDATA[2022-10-15 23:55:09 INFO  ReqresAPITesting:46 - ------- Check Status Code -------
2022-10-15 23:55:09 INFO  ReqresAPITesting:48 - Status Code ==> 201
]]></system-out>
  </testcase>
  <testcase name="checkStatusLine" classname="com.reqres.testCases.TC03_Create_User" time="0.017">
    <system-out><![CDATA[2022-10-15 23:55:09 INFO  ReqresAPITesting:62 - ------- Check Status Line -------
2022-10-15 23:55:09 INFO  ReqresAPITesting:64 - status Line ==> HTTP/1.1 201 Created
]]></system-out>
  </testcase>
  <testcase name="checkContentType" classname="com.reqres.testCases.TC04_Update_User_Record" time="0.006">
    <system-out><![CDATA[2022-10-15 23:55:09 INFO  ReqresAPITesting:83 - ------- Finished TC03_Create_User -------
2022-10-15 23:55:09 INFO  ReqresAPITesting:21 - ------- Started TC04_Update_User_Record -------
2022-10-15 23:55:10 INFO  ReqresAPITesting:65 - ------- Check Content Type-------
2022-10-15 23:55:10 INFO  ReqresAPITesting:67 - content Type is : application/json; charset=utf-8
]]></system-out>
  </testcase>
  <testcase name="checkResponseBody" classname="com.reqres.testCases.TC04_Update_User_Record" time="0.153">
    <system-out><![CDATA[2022-10-15 23:55:10 INFO  ReqresAPITesting:34 - ------- Check Response Body -------
2022-10-15 23:55:10 INFO  ReqresAPITesting:36 - Response Body ==> {
    "name": "smithIp",
    "job": "JobavhQK",
    "updatedAt": "2022-10-15T18:25:21.953Z"
}
]]></system-out>
  </testcase>
  <testcase name="checkResponseTime" classname="com.reqres.testCases.TC04_Update_User_Record" time="0.039">
    <system-out><![CDATA[2022-10-15 23:55:10 INFO  ReqresAPITesting:49 - ------- Check Response Time -------
2022-10-15 23:55:10 INFO  ReqresAPITesting:51 - Response time is ==> 815
]]></system-out>
  </testcase>
  <testcase name="checkServer" classname="com.reqres.testCases.TC04_Update_User_Record" time="0.055">
    <system-out><![CDATA[2022-10-15 23:55:10 INFO  ReqresAPITesting:73 - ------- Check Server -------
2022-10-15 23:55:10 INFO  ReqresAPITesting:75 - Server is : cloudflare
]]></system-out>
  </testcase>
  <testcase name="checkStatusCode" classname="com.reqres.testCases.TC04_Update_User_Record" time="0.009">
    <system-out><![CDATA[2022-10-15 23:55:10 INFO  ReqresAPITesting:41 - ------- Check Status Code -------
2022-10-15 23:55:10 INFO  ReqresAPITesting:43 - Status Code ==> 200
]]></system-out>
  </testcase>
  <testcase name="checkStatusLine" classname="com.reqres.testCases.TC04_Update_User_Record" time="0.054">
    <system-out><![CDATA[2022-10-15 23:55:11 INFO  ReqresAPITesting:58 - ------- Check Status Line -------
2022-10-15 23:55:11 INFO  ReqresAPITesting:60 - status Line ==> HTTP/1.1 200 OK
]]></system-out>
  </testcase>
  <testcase name="checkResponseBody" classname="com.reqres.testCases.TC05_Delete_User_Record" time="0.011">
    <system-out><![CDATA[2022-10-15 23:55:11 INFO  ReqresAPITesting:80 - ------- Finished TC04_Update_User_Record -------
2022-10-15 23:55:11 INFO  ReqresAPITesting:16 - ------- Started TC05_Delete_User_Record -------
2022-10-15 23:55:11 INFO  ReqresAPITesting:24 - ------- Check Response Body -------
2022-10-15 23:55:11 INFO  ReqresAPITesting:26 - Response Body ==> 
]]></system-out>
  </testcase>
  <testcase name="checkResponseTime" classname="com.reqres.testCases.TC05_Delete_User_Record" time="0.05">
    <system-out><![CDATA[2022-10-15 23:55:12 INFO  ReqresAPITesting:39 - ------- Check Response Time -------
2022-10-15 23:55:12 INFO  ReqresAPITesting:41 - Response time is ==> 794
]]></system-out>
  </testcase>
  <testcase name="checkServer" classname="com.reqres.testCases.TC05_Delete_User_Record" time="0.085">
    <system-out><![CDATA[2022-10-15 23:55:12 INFO  ReqresAPITesting:55 - ------- Check Server -------
2022-10-15 23:55:12 INFO  ReqresAPITesting:57 - Server is : cloudflare
]]></system-out>
  </testcase>
  <testcase name="checkStatusCode" classname="com.reqres.testCases.TC05_Delete_User_Record" time="0.055">
    <system-out><![CDATA[2022-10-15 23:55:12 INFO  ReqresAPITesting:31 - ------- Check Status Code -------
2022-10-15 23:55:12 INFO  ReqresAPITesting:33 - Status Code ==> 204
]]></system-out>
  </testcase>
  <testcase name="checkStatusLine" classname="com.reqres.testCases.TC05_Delete_User_Record" time="0.016">
    <system-out><![CDATA[2022-10-15 23:55:12 INFO  ReqresAPITesting:48 - ------- Check Status Line -------
2022-10-15 23:55:12 INFO  ReqresAPITesting:50 - status Line ==> HTTP/1.1 204 No Content
]]></system-out>
  </testcase>
</testsuite>